0 info it worked if it ends with ok
1 verbose cli [ '/usr/local/bin/node',
1 verbose cli   '/usr/local/bin/npm',
1 verbose cli   'install',
1 verbose cli   'nodemon',
1 verbose cli   '-g' ]
2 info using npm@2.14.20
3 info using node@v4.4.0
4 verbose install initial load of /usr/local/lib/package.json
5 verbose readDependencies loading dependencies from /usr/local/lib/package.json
6 silly cache add args [ 'nodemon', null ]
7 verbose cache add spec nodemon
8 silly cache add parsed spec Result {
8 silly cache add   raw: 'nodemon',
8 silly cache add   scope: null,
8 silly cache add   name: 'nodemon',
8 silly cache add   rawSpec: '',
8 silly cache add   spec: 'latest',
8 silly cache add   type: 'tag' }
9 silly addNamed nodemon@latest
10 verbose addNamed "latest" is being treated as a dist-tag for nodemon
11 info addNameTag [ 'nodemon', 'latest' ]
12 silly mapToRegistry name nodemon
13 silly mapToRegistry using default registry
14 silly mapToRegistry registry https://registry.npmjs.org/
15 silly mapToRegistry uri https://registry.npmjs.org/nodemon
16 verbose addNameTag registry:https://registry.npmjs.org/nodemon not in flight; fetching
17 verbose request uri https://registry.npmjs.org/nodemon
18 verbose request no auth needed
19 info attempt registry request try #1 at 12:58:09 AM
20 verbose request id 2da2268d12637712
21 http request GET https://registry.npmjs.org/nodemon
22 http 200 https://registry.npmjs.org/nodemon
23 verbose headers { server: 'CouchDB/1.5.0 (Erlang OTP/R16B03)',
23 verbose headers   etag: '"CVH9WQ68JJG83ET1WOPYZON5Y"',
23 verbose headers   'content-type': 'application/json',
23 verbose headers   'cache-control': 'max-age=300',
23 verbose headers   'content-length': '186512',
23 verbose headers   'accept-ranges': 'bytes',
23 verbose headers   date: 'Tue, 15 Mar 2016 07:58:10 GMT',
23 verbose headers   via: '1.1 varnish',
23 verbose headers   age: '0',
23 verbose headers   connection: 'keep-alive',
23 verbose headers   'x-served-by': 'cache-lax1429-LAX',
23 verbose headers   'x-cache': 'MISS',
23 verbose headers   'x-cache-hits': '0',
23 verbose headers   'x-timer': 'S1458028690.104746,VS0,VE601',
23 verbose headers   vary: 'Accept' }
24 silly get cb [ 200,
24 silly get   { server: 'CouchDB/1.5.0 (Erlang OTP/R16B03)',
24 silly get     etag: '"CVH9WQ68JJG83ET1WOPYZON5Y"',
24 silly get     'content-type': 'application/json',
24 silly get     'cache-control': 'max-age=300',
24 silly get     'content-length': '186512',
24 silly get     'accept-ranges': 'bytes',
24 silly get     date: 'Tue, 15 Mar 2016 07:58:10 GMT',
24 silly get     via: '1.1 varnish',
24 silly get     age: '0',
24 silly get     connection: 'keep-alive',
24 silly get     'x-served-by': 'cache-lax1429-LAX',
24 silly get     'x-cache': 'MISS',
24 silly get     'x-cache-hits': '0',
24 silly get     'x-timer': 'S1458028690.104746,VS0,VE601',
24 silly get     vary: 'Accept' } ]
25 verbose get saving nodemon to /Users/macbook/.npm/registry.npmjs.org/nodemon/.cache.json
26 verbose correctMkdir /Users/macbook/.npm correctMkdir not in flight; initializing
27 silly addNameTag next cb for nodemon with tag latest
28 silly addNamed nodemon@1.9.1
29 verbose addNamed "1.9.1" is a plain semver version for nodemon
30 silly mapToRegistry name nodemon
31 silly mapToRegistry using default registry
32 silly mapToRegistry registry https://registry.npmjs.org/
33 silly mapToRegistry uri https://registry.npmjs.org/nodemon
34 verbose addRemoteTarball https://registry.npmjs.org/nodemon/-/nodemon-1.9.1.tgz not in flight; adding
35 verbose addRemoteTarball [ 'https://registry.npmjs.org/nodemon/-/nodemon-1.9.1.tgz',
35 verbose addRemoteTarball   '442071f88c39d801fb0bdfd209413da5dce6dad3' ]
36 info retry fetch attempt 1 at 12:58:10 AM
37 info attempt registry request try #1 at 12:58:10 AM
38 http fetch GET https://registry.npmjs.org/nodemon/-/nodemon-1.9.1.tgz
39 http fetch 200 https://registry.npmjs.org/nodemon/-/nodemon-1.9.1.tgz
40 silly fetchAndShaCheck shasum 442071f88c39d801fb0bdfd209413da5dce6dad3
41 verbose addTmpTarball /var/folders/fs/vd1d4z_149bd2g9vcxj1j8380000gn/T/npm-1325-d95f12d0/registry.npmjs.org/nodemon/-/nodemon-1.9.1.tgz not in flight; adding
42 verbose addTmpTarball already have metadata; skipping unpack for nodemon@1.9.1
43 verbose correctMkdir /Users/macbook/.npm correctMkdir not in flight; initializing
44 silly cache afterAdd nodemon@1.9.1
45 verbose afterAdd /Users/macbook/.npm/nodemon/1.9.1/package/package.json not in flight; writing
46 verbose correctMkdir /Users/macbook/.npm correctMkdir not in flight; initializing
47 verbose afterAdd /Users/macbook/.npm/nodemon/1.9.1/package/package.json written
48 silly install resolved [ { name: 'nodemon',
48 silly install resolved     homepage: 'http://nodemon.io',
48 silly install resolved     author: { name: 'Remy Sharp', url: 'http://github.com/remy' },
48 silly install resolved     bin: { nodemon: './bin/nodemon.js' },
48 silly install resolved     engines: { node: '>=0.8' },
48 silly install resolved     repository: { type: 'git', url: 'git+https://github.com/remy/nodemon.git' },
48 silly install resolved     description: 'Simple monitor script for use during development of a node.js app.',
48 silly install resolved     keywords:
48 silly install resolved      [ 'monitor',
48 silly install resolved        'development',
48 silly install resolved        'restart',
48 silly install resolved        'autoload',
48 silly install resolved        'reload',
48 silly install resolved        'terminal' ],
48 silly install resolved     license: 'MIT',
48 silly install resolved     main: './lib/nodemon',
48 silly install resolved     scripts:
48 silly install resolved      { coverage: 'istanbul cover _mocha -- --timeout 30000 --ui bdd --reporter list test/**/*.test.js',
48 silly install resolved        lint: 'jscs lib/**/*.js -v',
48 silly install resolved        ':spec': 'mocha --timeout 30000 --ui bdd test/**/*.test.js',
48 silly install resolved        test: 'npm run lint && npm run spec',
48 silly install resolved        spec: 'for FILE in test/**/*.test.js; do echo $FILE; ./node_modules/.bin/mocha --timeout 30000 $FILE; if [ $? -ne 0 ]; then exit 1; fi; sleep 1; done',
48 silly install resolved        web: 'node web',
48 silly install resolved        'semantic-release': 'semantic-release pre && npm publish && semantic-release post' },
48 silly install resolved     devDependencies:
48 silly install resolved      { async: '1.4.2',
48 silly install resolved        'coffee-script': '~1.7.1',
48 silly install resolved        connect: '~2.19.1',
48 silly install resolved        istanbul: '~0.2.10',
48 silly install resolved        jscs: '2.1.1',
48 silly install resolved        mocha: '2.3.3',
48 silly install resolved        should: '~4.0.0',
48 silly install resolved        'semantic-release': '4.3.5' },
48 silly install resolved     dependencies:
48 silly install resolved      { chokidar: '^1.2.0',
48 silly install resolved        debug: '^2.2.0',
48 silly install resolved        'es6-promise': '^3.0.2',
48 silly install resolved        'ignore-by-default': '^1.0.0',
48 silly install resolved        'lodash.defaults': '^3.1.2',
48 silly install resolved        minimatch: '^3.0.0',
48 silly install resolved        'ps-tree': '^1.0.1',
48 silly install resolved        touch: '1.0.0',
48 silly install resolved        undefsafe: '0.0.3',
48 silly install resolved        'update-notifier': '0.5.0' },
48 silly install resolved     version: '1.9.1',
48 silly install resolved     gitHead: '6ccb29864c7a17b578a5a09b9a2dd382bbb41066',
48 silly install resolved     bugs: { url: 'https://github.com/remy/nodemon/issues' },
48 silly install resolved     _id: 'nodemon@1.9.1',
48 silly install resolved     _shasum: '442071f88c39d801fb0bdfd209413da5dce6dad3',
48 silly install resolved     _from: 'nodemon@latest',
48 silly install resolved     _npmVersion: '2.14.20',
48 silly install resolved     _nodeVersion: '5.7.0',
48 silly install resolved     _npmUser: { name: 'remy', email: 'remy@leftlogic.com' },
48 silly install resolved     dist:
48 silly install resolved      { shasum: '442071f88c39d801fb0bdfd209413da5dce6dad3',
48 silly install resolved        tarball: 'http://registry.npmjs.org/nodemon/-/nodemon-1.9.1.tgz' },
48 silly install resolved     maintainers: [ [Object] ],
48 silly install resolved     _npmOperationalInternal:
48 silly install resolved      { host: 'packages-9-west.internal.npmjs.com',
48 silly install resolved        tmp: 'tmp/nodemon-1.9.1.tgz_1456434782204_0.8090351007413119' },
48 silly install resolved     directories: {},
48 silly install resolved     _resolved: 'https://registry.npmjs.org/nodemon/-/nodemon-1.9.1.tgz' } ]
49 info install nodemon@1.9.1 into /usr/local/lib
50 info installOne nodemon@1.9.1
51 verbose installOne of nodemon to /usr/local/lib not in flight; installing
52 verbose correctMkdir /Users/macbook/.npm/_locks correctMkdir not in flight; initializing
53 verbose lock using /Users/macbook/.npm/_locks/nodemon-49f7ed19e778991e.lock for /usr/local/lib/node_modules/nodemon
54 silly install write writing nodemon 1.9.1 to /usr/local/lib/node_modules/nodemon
55 verbose unbuild lib/node_modules/nodemon
56 silly gentlyRm /usr/local/lib/node_modules/nodemon is being purged from base /usr/local
57 verbose gentlyRm don't care about contents; nuking /usr/local/lib/node_modules/nodemon
58 verbose tar unpack /Users/macbook/.npm/nodemon/1.9.1/package.tgz
59 verbose tar unpacking to /usr/local/lib/node_modules/nodemon
60 silly gentlyRm /usr/local/lib/node_modules/nodemon is being purged
61 verbose gentlyRm don't care about contents; nuking /usr/local/lib/node_modules/nodemon
62 silly gunzTarPerm modes [ '755', '644' ]
63 error tar.unpack untar error /Users/macbook/.npm/nodemon/1.9.1/package.tgz
64 verbose unlock done using /Users/macbook/.npm/_locks/nodemon-49f7ed19e778991e.lock for /usr/local/lib/node_modules/nodemon
65 verbose fstream_path /usr/local/lib/node_modules/nodemon
66 verbose fstream_type Directory
67 verbose fstream_class DirWriter
68 verbose stack Error: EACCES: permission denied, mkdir '/usr/local/lib/node_modules/nodemon'
68 verbose stack     at Error (native)
69 verbose fstream_stack /usr/local/lib/node_modules/npm/node_modules/fstream/lib/dir-writer.js:35:25
69 verbose fstream_stack /usr/local/lib/node_modules/npm/node_modules/mkdirp/index.js:47:53
69 verbose fstream_stack FSReqWrap.oncomplete (fs.js:82:15)
70 verbose cwd /Users/macbook/Documents/thinkful/projects/mma-node-project
71 error Darwin 15.3.0
72 error argv "/usr/local/bin/node" "/usr/local/bin/npm" "install" "nodemon" "-g"
73 error node v4.4.0
74 error npm  v2.14.20
75 error path /usr/local/lib/node_modules/nodemon
76 error code EACCES
77 error errno -13
78 error syscall mkdir
79 error Error: EACCES: permission denied, mkdir '/usr/local/lib/node_modules/nodemon'
79 error     at Error (native)
79 error  { [Error: EACCES: permission denied, mkdir '/usr/local/lib/node_modules/nodemon']
79 error   errno: -13,
79 error   code: 'EACCES',
79 error   syscall: 'mkdir',
79 error   path: '/usr/local/lib/node_modules/nodemon',
79 error   fstream_type: 'Directory',
79 error   fstream_path: '/usr/local/lib/node_modules/nodemon',
79 error   fstream_class: 'DirWriter',
79 error   fstream_stack:
79 error    [ '/usr/local/lib/node_modules/npm/node_modules/fstream/lib/dir-writer.js:35:25',
79 error      '/usr/local/lib/node_modules/npm/node_modules/mkdirp/index.js:47:53',
79 error      'FSReqWrap.oncomplete (fs.js:82:15)' ] }
80 error Please try running this command again as root/Administrator.
81 verbose exit [ -13, true ]
82 verbose unbuild lib/node_modules/nodemon
83 silly gentlyRm /usr/local/lib/node_modules/nodemon is being purged from base /usr/local
84 verbose gentlyRm don't care about contents; nuking /usr/local/lib/node_modules/nodemon
